2017/03/31 15:52:01 [warning] [application] Error al establecer unsafe al atributo "nro_banos_auxiliar" de "Vivienda".
in /var/www/html/sisprov_ds/protected/controllers/ViviendaController.php (152)
in /var/www/html/sisprov_ds/protected/modules/cruge/components/CrugeAccessControlFilter.php (87)
in /var/www/html/sisprov_ds/index.php (13)
2017/03/31 15:52:01 [error] [exception.CHttpException.404] exception 'CHttpException' with message 'No es posible resolver la solicitud "img/nav-expand.png"' in /var/www/html/yii/framework/web/CWebApplication.php:286
Stack trace:
#0 /var/www/html/yii/framework/web/CWebApplication.php(141): CWebApplication->runController('img/nav-expand....')
#1 /var/www/html/yii/framework/base/CApplication.php(184): CWebApplication->processRequest()
#2 /var/www/html/sisprov_ds/index.php(13): CApplication->run()
#3 {main}
REQUEST_URI=/sisprov_ds/img/nav-expand.png
HTTP_REFERER=http://localhost/sisprov_ds/css/menu.css
---
2017/03/31 15:52:15 [warning] [application] Error al establecer unsafe al atributo "nro_banos_auxiliar" de "Vivienda".
in /var/www/html/sisprov_ds/protected/controllers/ViviendaController.php (152)
in /var/www/html/sisprov_ds/protected/modules/cruge/components/CrugeAccessControlFilter.php (87)
in /var/www/html/sisprov_ds/index.php (13)
2017/03/31 15:52:15 [error] [exception.CHttpException.404] exception 'CHttpException' with message 'No es posible resolver la solicitud "img/nav-expand.png"' in /var/www/html/yii/framework/web/CWebApplication.php:286
Stack trace:
#0 /var/www/html/yii/framework/web/CWebApplication.php(141): CWebApplication->runController('img/nav-expand....')
#1 /var/www/html/yii/framework/base/CApplication.php(184): CWebApplication->processRequest()
#2 /var/www/html/sisprov_ds/index.php(13): CApplication->run()
#3 {main}
REQUEST_URI=/sisprov_ds/img/nav-expand.png
HTTP_REFERER=http://localhost/sisprov_ds/css/menu.css
---
2017/03/31 15:52:26 [warning] [application] Error al establecer unsafe al atributo "nro_banos_auxiliar" de "Vivienda".
in /var/www/html/sisprov_ds/protected/controllers/ViviendaController.php (152)
in /var/www/html/sisprov_ds/protected/modules/cruge/components/CrugeAccessControlFilter.php (87)
in /var/www/html/sisprov_ds/index.php (13)
2017/03/31 15:52:27 [error] [exception.CHttpException.404] exception 'CHttpException' with message 'No es posible resolver la solicitud "img/nav-expand.png"' in /var/www/html/yii/framework/web/CWebApplication.php:286
Stack trace:
#0 /var/www/html/yii/framework/web/CWebApplication.php(141): CWebApplication->runController('img/nav-expand....')
#1 /var/www/html/yii/framework/base/CApplication.php(184): CWebApplication->processRequest()
#2 /var/www/html/sisprov_ds/index.php(13): CApplication->run()
#3 {main}
REQUEST_URI=/sisprov_ds/img/nav-expand.png
HTTP_REFERER=http://localhost/sisprov_ds/css/menu.css
---
2017/03/31 15:52:30 [error] [system.db.CDbCommand] CDbCommand::fetchAll() falló: SQLSTATE[22P02]: Invalid text representation: 7 ERROR:  la sintaxis de entrada no es válida para integer: «». La sentencia SQL ejecutada fue: SELECT * FROM "vivienda" "t" WHERE t.unidad_habitacional_id = :id_unidad_habitacional and t.nro_vivienda= :nro_vivienda and t.tipo_vivienda_id=:tipo_vivienda_id.
in /var/www/html/sisprov_ds/protected/controllers/ValidacionJsController.php (778)
in /var/www/html/sisprov_ds/index.php (13)
2017/03/31 15:52:30 [error] [exception.CDbException] exception 'CDbException' with message 'CDbCommand falló al ejecutar la sentencia SQL: SQLSTATE[22P02]: Invalid text representation: 7 ERROR:  la sintaxis de entrada no es válida para integer: «». The SQL statement executed was: SELECT * FROM "vivienda" "t" WHERE t.unidad_habitacional_id = :id_unidad_habitacional and t.nro_vivienda= :nro_vivienda and t.tipo_vivienda_id=:tipo_vivienda_id' in /var/www/html/yii/framework/db/CDbCommand.php:543
Stack trace:
#0 /var/www/html/yii/framework/db/CDbCommand.php(396): CDbCommand->queryInternal('fetchAll', Array, Array)
#1 /var/www/html/yii/framework/db/ar/CActiveRecord.php(1356): CDbCommand->queryAll()
#2 /var/www/html/yii/framework/db/ar/CActiveRecord.php(1475): CActiveRecord->query(Object(CDbCriteria), true)
#3 /var/www/html/sisprov_ds/protected/controllers/ValidacionJsController.php(778): CActiveRecord->findAll(Object(CDbCriteria))
#4 /var/www/html/yii/framework/web/actions/CInlineAction.php(49): ValidacionJsController->actionNroVivienda()
#5 /var/www/html/yii/framework/web/CController.php(308): CInlineAction->runWithParams(Array)
#6 /var/www/html/yii/framework/web/CController.php(286): CController->runAction(Object(CInlineAction))
#7 /var/www/html/yii/framework/web/CController.php(265): CController->runActionWithFilters(Object(CInlineAction), Array)
#8 /var/www/html/yii/framework/web/CWebApplication.php(282): CController->run('NroVivienda')
#9 /var/www/html/yii/framework/web/CWebApplication.php(141): CWebApplication->runController('ValidacionJs/Nr...')
#10 /var/www/html/yii/framework/base/CApplication.php(184): CWebApplication->processRequest()
#11 /var/www/html/sisprov_ds/index.php(13): CApplication->run()
#12 {main}
REQUEST_URI=/sisprov_ds/ValidacionJs/NroVivienda
HTTP_REFERER=http://localhost/sisprov_ds/index.php/vivienda/precarga/158
---
2017/03/31 15:52:43 [error] [exception.CHttpException.404] exception 'CHttpException' with message 'No es posible resolver la solicitud "img/nav-expand.png"' in /var/www/html/yii/framework/web/CWebApplication.php:286
Stack trace:
#0 /var/www/html/yii/framework/web/CWebApplication.php(141): CWebApplication->runController('img/nav-expand....')
#1 /var/www/html/yii/framework/base/CApplication.php(184): CWebApplication->processRequest()
#2 /var/www/html/sisprov_ds/index.php(13): CApplication->run()
#3 {main}
REQUEST_URI=/sisprov_ds/img/nav-expand.png
HTTP_REFERER=http://localhost/sisprov_ds/css/menu.css
---
2017/03/31 15:52:45 [error] [exception.CHttpException.404] exception 'CHttpException' with message 'No es posible resolver la solicitud "img/nav-expand.png"' in /var/www/html/yii/framework/web/CWebApplication.php:286
Stack trace:
#0 /var/www/html/yii/framework/web/CWebApplication.php(141): CWebApplication->runController('img/nav-expand....')
#1 /var/www/html/yii/framework/base/CApplication.php(184): CWebApplication->processRequest()
#2 /var/www/html/sisprov_ds/index.php(13): CApplication->run()
#3 {main}
REQUEST_URI=/sisprov_ds/img/nav-expand.png
HTTP_REFERER=http://localhost/sisprov_ds/css/menu.css
---
2017/03/31 15:52:48 [error] [exception.CHttpException.404] exception 'CHttpException' with message 'No es posible resolver la solicitud "img/nav-expand.png"' in /var/www/html/yii/framework/web/CWebApplication.php:286
Stack trace:
#0 /var/www/html/yii/framework/web/CWebApplication.php(141): CWebApplication->runController('img/nav-expand....')
#1 /var/www/html/yii/framework/base/CApplication.php(184): CWebApplication->processRequest()
#2 /var/www/html/sisprov_ds/index.php(13): CApplication->run()
#3 {main}
REQUEST_URI=/sisprov_ds/img/nav-expand.png
HTTP_REFERER=http://localhost/sisprov_ds/css/menu.css
---
2017/03/31 15:53:04 [warning] [application] Error al establecer unsafe al atributo "tipo_vivienda" de "Vivienda".
in /var/www/html/sisprov_ds/protected/controllers/ViviendaController.php (61)
in /var/www/html/sisprov_ds/protected/modules/cruge/components/CrugeAccessControlFilter.php (87)
in /var/www/html/sisprov_ds/index.php (13)
2017/03/31 15:53:04 [warning] [application] Error al establecer unsafe al atributo "nro_banos_auxiliar" de "Vivienda".
in /var/www/html/sisprov_ds/protected/controllers/ViviendaController.php (61)
in /var/www/html/sisprov_ds/protected/modules/cruge/components/CrugeAccessControlFilter.php (87)
in /var/www/html/sisprov_ds/index.php (13)
2017/03/31 15:53:05 [error] [exception.CHttpException.404] exception 'CHttpException' with message 'No es posible resolver la solicitud "img/nav-expand.png"' in /var/www/html/yii/framework/web/CWebApplication.php:286
Stack trace:
#0 /var/www/html/yii/framework/web/CWebApplication.php(141): CWebApplication->runController('img/nav-expand....')
#1 /var/www/html/yii/framework/base/CApplication.php(184): CWebApplication->processRequest()
#2 /var/www/html/sisprov_ds/index.php(13): CApplication->run()
#3 {main}
REQUEST_URI=/sisprov_ds/img/nav-expand.png
HTTP_REFERER=http://localhost/sisprov_ds/css/menu.css
---
2017/03/31 15:53:08 [error] [exception.CHttpException.404] exception 'CHttpException' with message 'No es posible resolver la solicitud "img/nav-expand.png"' in /var/www/html/yii/framework/web/CWebApplication.php:286
Stack trace:
#0 /var/www/html/yii/framework/web/CWebApplication.php(141): CWebApplication->runController('img/nav-expand....')
#1 /var/www/html/yii/framework/base/CApplication.php(184): CWebApplication->processRequest()
#2 /var/www/html/sisprov_ds/index.php(13): CApplication->run()
#3 {main}
REQUEST_URI=/sisprov_ds/img/nav-expand.png
HTTP_REFERER=http://localhost/sisprov_ds/css/menu.css
---
2017/03/31 15:53:09 [error] [exception.CHttpException.404] exception 'CHttpException' with message 'No es posible resolver la solicitud "img/nav-expand.png"' in /var/www/html/yii/framework/web/CWebApplication.php:286
Stack trace:
#0 /var/www/html/yii/framework/web/CWebApplication.php(141): CWebApplication->runController('img/nav-expand....')
#1 /var/www/html/yii/framework/base/CApplication.php(184): CWebApplication->processRequest()
#2 /var/www/html/sisprov_ds/index.php(13): CApplication->run()
#3 {main}
REQUEST_URI=/sisprov_ds/img/nav-expand.png
HTTP_REFERER=http://localhost/sisprov_ds/css/menu.css
---
2017/03/31 15:54:00 [error] [exception.CHttpException.404] exception 'CHttpException' with message 'No es posible resolver la solicitud "img/nav-expand.png"' in /var/www/html/yii/framework/web/CWebApplication.php:286
Stack trace:
#0 /var/www/html/yii/framework/web/CWebApplication.php(141): CWebApplication->runController('img/nav-expand....')
#1 /var/www/html/yii/framework/base/CApplication.php(184): CWebApplication->processRequest()
#2 /var/www/html/sisprov_ds/index.php(13): CApplication->run()
#3 {main}
REQUEST_URI=/sisprov_ds/img/nav-expand.png
HTTP_REFERER=http://localhost/sisprov_ds/css/menu.css
---
2017/03/31 15:54:39 [error] [exception.CHttpException.404] exception 'CHttpException' with message 'No es posible resolver la solicitud "img/nav-expand.png"' in /var/www/html/yii/framework/web/CWebApplication.php:286
Stack trace:
#0 /var/www/html/yii/framework/web/CWebApplication.php(141): CWebApplication->runController('img/nav-expand....')
#1 /var/www/html/yii/framework/base/CApplication.php(184): CWebApplication->processRequest()
#2 /var/www/html/sisprov_ds/index.php(13): CApplication->run()
#3 {main}
REQUEST_URI=/sisprov_ds/img/nav-expand.png
HTTP_REFERER=http://localhost/sisprov_ds/css/menu.css
---
2017/03/31 15:55:23 [error] [exception.CHttpException.404] exception 'CHttpException' with message 'No es posible resolver la solicitud "img/nav-expand.png"' in /var/www/html/yii/framework/web/CWebApplication.php:286
Stack trace:
#0 /var/www/html/yii/framework/web/CWebApplication.php(141): CWebApplication->runController('img/nav-expand....')
#1 /var/www/html/yii/framework/base/CApplication.php(184): CWebApplication->processRequest()
#2 /var/www/html/sisprov_ds/index.php(13): CApplication->run()
#3 {main}
REQUEST_URI=/sisprov_ds/img/nav-expand.png
HTTP_REFERER=http://localhost/sisprov_ds/css/menu.css
---
2017/03/31 15:55:54 [error] [exception.CHttpException.404] exception 'CHttpException' with message 'No es posible resolver la solicitud "js/base64.js"' in /var/www/html/yii/framework/web/CWebApplication.php:286
Stack trace:
#0 /var/www/html/yii/framework/web/CWebApplication.php(141): CWebApplication->runController('js/base64.js')
#1 /var/www/html/yii/framework/base/CApplication.php(184): CWebApplication->processRequest()
#2 /var/www/html/sisprov_ds/index.php(13): CApplication->run()
#3 {main}
REQUEST_URI=/sisprov_ds/js/base64.js
HTTP_REFERER=http://localhost/sisprov_ds/index.php/beneficiarioTemporal/admin
---
2017/03/31 15:55:54 [error] [exception.CHttpException.404] exception 'CHttpException' with message 'No es posible resolver la solicitud "js/base64.js"' in /var/www/html/yii/framework/web/CWebApplication.php:286
Stack trace:
#0 /var/www/html/yii/framework/web/CWebApplication.php(141): CWebApplication->runController('js/base64.js')
#1 /var/www/html/yii/framework/base/CApplication.php(184): CWebApplication->processRequest()
#2 /var/www/html/sisprov_ds/index.php(13): CApplication->run()
#3 {main}
REQUEST_URI=/sisprov_ds/js/base64.js
HTTP_REFERER=http://localhost/sisprov_ds/index.php/beneficiarioTemporal/admin
---
2017/03/31 15:55:54 [error] [exception.CHttpException.404] exception 'CHttpException' with message 'No es posible resolver la solicitud "img/nav-expand.png"' in /var/www/html/yii/framework/web/CWebApplication.php:286
Stack trace:
#0 /var/www/html/yii/framework/web/CWebApplication.php(141): CWebApplication->runController('img/nav-expand....')
#1 /var/www/html/yii/framework/base/CApplication.php(184): CWebApplication->processRequest()
#2 /var/www/html/sisprov_ds/index.php(13): CApplication->run()
#3 {main}
REQUEST_URI=/sisprov_ds/img/nav-expand.png
HTTP_REFERER=http://localhost/sisprov_ds/css/menu.css
---
2017/03/31 15:55:59 [error] [exception.CHttpException.404] exception 'CHttpException' with message 'No es posible resolver la solicitud "img/nav-expand.png"' in /var/www/html/yii/framework/web/CWebApplication.php:286
Stack trace:
#0 /var/www/html/yii/framework/web/CWebApplication.php(141): CWebApplication->runController('img/nav-expand....')
#1 /var/www/html/yii/framework/base/CApplication.php(184): CWebApplication->processRequest()
#2 /var/www/html/sisprov_ds/index.php(13): CApplication->run()
#3 {main}
REQUEST_URI=/sisprov_ds/img/nav-expand.png
HTTP_REFERER=http://localhost/sisprov_ds/css/menu.css
---
2017/03/31 15:56:06 [error] [exception.CHttpException.404] exception 'CHttpException' with message 'No es posible resolver la solicitud "img/nav-expand.png"' in /var/www/html/yii/framework/web/CWebApplication.php:286
Stack trace:
#0 /var/www/html/yii/framework/web/CWebApplication.php(141): CWebApplication->runController('img/nav-expand....')
#1 /var/www/html/yii/framework/base/CApplication.php(184): CWebApplication->processRequest()
#2 /var/www/html/sisprov_ds/index.php(13): CApplication->run()
#3 {main}
REQUEST_URI=/sisprov_ds/img/nav-expand.png
HTTP_REFERER=http://localhost/sisprov_ds/css/menu.css
---
2017/03/31 15:56:31 [warning] [application] Error al establecer unsafe al atributo "fecha_nac" de "AsignacionCenso".
in /var/www/html/sisprov_ds/protected/controllers/AsignacionCensoController.php (70)
in /var/www/html/sisprov_ds/protected/modules/cruge/components/CrugeAccessControlFilter.php (87)
in /var/www/html/sisprov_ds/index.php (13)
2017/03/31 15:56:31 [warning] [application] Error al establecer unsafe al atributo "nacionalidad" de "AsignacionCenso".
in /var/www/html/sisprov_ds/protected/controllers/AsignacionCensoController.php (70)
in /var/www/html/sisprov_ds/protected/modules/cruge/components/CrugeAccessControlFilter.php (87)
in /var/www/html/sisprov_ds/index.php (13)
2017/03/31 15:56:31 [warning] [application] Error al establecer unsafe al atributo "cedula" de "AsignacionCenso".
in /var/www/html/sisprov_ds/protected/controllers/AsignacionCensoController.php (70)
in /var/www/html/sisprov_ds/protected/modules/cruge/components/CrugeAccessControlFilter.php (87)
in /var/www/html/sisprov_ds/index.php (13)
2017/03/31 15:56:31 [warning] [application] Error al establecer unsafe al atributo "primer_nombre" de "AsignacionCenso".
in /var/www/html/sisprov_ds/protected/controllers/AsignacionCensoController.php (70)
in /var/www/html/sisprov_ds/protected/modules/cruge/components/CrugeAccessControlFilter.php (87)
in /var/www/html/sisprov_ds/index.php (13)
2017/03/31 15:56:31 [warning] [application] Error al establecer unsafe al atributo "segundo_nombre" de "AsignacionCenso".
in /var/www/html/sisprov_ds/protected/controllers/AsignacionCensoController.php (70)
in /var/www/html/sisprov_ds/protected/modules/cruge/components/CrugeAccessControlFilter.php (87)
in /var/www/html/sisprov_ds/index.php (13)
2017/03/31 15:56:31 [warning] [application] Error al establecer unsafe al atributo "primer_apellido" de "AsignacionCenso".
in /var/www/html/sisprov_ds/protected/controllers/AsignacionCensoController.php (70)
in /var/www/html/sisprov_ds/protected/modules/cruge/components/CrugeAccessControlFilter.php (87)
in /var/www/html/sisprov_ds/index.php (13)
2017/03/31 15:56:31 [warning] [application] Error al establecer unsafe al atributo "segundo_apellido" de "AsignacionCenso".
in /var/www/html/sisprov_ds/protected/controllers/AsignacionCensoController.php (70)
in /var/www/html/sisprov_ds/protected/modules/cruge/components/CrugeAccessControlFilter.php (87)
in /var/www/html/sisprov_ds/index.php (13)
2017/03/31 15:56:32 [error] [exception.CHttpException.404] exception 'CHttpException' with message 'No es posible resolver la solicitud "img/nav-expand.png"' in /var/www/html/yii/framework/web/CWebApplication.php:286
Stack trace:
#0 /var/www/html/yii/framework/web/CWebApplication.php(141): CWebApplication->runController('img/nav-expand....')
#1 /var/www/html/yii/framework/base/CApplication.php(184): CWebApplication->processRequest()
#2 /var/www/html/sisprov_ds/index.php(13): CApplication->run()
#3 {main}
REQUEST_URI=/sisprov_ds/img/nav-expand.png
HTTP_REFERER=http://localhost/sisprov_ds/css/menu.css
---
2017/03/31 15:56:35 [error] [exception.CHttpException.404] exception 'CHttpException' with message 'No es posible resolver la solicitud "img/nav-expand.png"' in /var/www/html/yii/framework/web/CWebApplication.php:286
Stack trace:
#0 /var/www/html/yii/framework/web/CWebApplication.php(141): CWebApplication->runController('img/nav-expand....')
#1 /var/www/html/yii/framework/base/CApplication.php(184): CWebApplication->processRequest()
#2 /var/www/html/sisprov_ds/index.php(13): CApplication->run()
#3 {main}
REQUEST_URI=/sisprov_ds/img/nav-expand.png
HTTP_REFERER=http://localhost/sisprov_ds/css/menu.css
---
2017/03/31 15:56:37 [error] [exception.CHttpException.404] exception 'CHttpException' with message 'No es posible resolver la solicitud "img/nav-expand.png"' in /var/www/html/yii/framework/web/CWebApplication.php:286
Stack trace:
#0 /var/www/html/yii/framework/web/CWebApplication.php(141): CWebApplication->runController('img/nav-expand....')
#1 /var/www/html/yii/framework/base/CApplication.php(184): CWebApplication->processRequest()
#2 /var/www/html/sisprov_ds/index.php(13): CApplication->run()
#3 {main}
REQUEST_URI=/sisprov_ds/img/nav-expand.png
HTTP_REFERER=http://localhost/sisprov_ds/css/menu.css
---
2017/03/31 15:56:41 [error] [exception.CHttpException.404] exception 'CHttpException' with message 'No es posible resolver la solicitud "img/nav-expand.png"' in /var/www/html/yii/framework/web/CWebApplication.php:286
Stack trace:
#0 /var/www/html/yii/framework/web/CWebApplication.php(141): CWebApplication->runController('img/nav-expand....')
#1 /var/www/html/yii/framework/base/CApplication.php(184): CWebApplication->processRequest()
#2 /var/www/html/sisprov_ds/index.php(13): CApplication->run()
#3 {main}
REQUEST_URI=/sisprov_ds/img/nav-expand.png
HTTP_REFERER=http://localhost/sisprov_ds/css/menu.css
---
2017/03/31 15:56:43 [error] [exception.CHttpException.404] exception 'CHttpException' with message 'No es posible resolver la solicitud "img/nav-expand.png"' in /var/www/html/yii/framework/web/CWebApplication.php:286
Stack trace:
#0 /var/www/html/yii/framework/web/CWebApplication.php(141): CWebApplication->runController('img/nav-expand....')
#1 /var/www/html/yii/framework/base/CApplication.php(184): CWebApplication->processRequest()
#2 /var/www/html/sisprov_ds/index.php(13): CApplication->run()
#3 {main}
REQUEST_URI=/sisprov_ds/img/nav-expand.png
HTTP_REFERER=http://localhost/sisprov_ds/css/menu.css
---
2017/03/31 15:56:54 [error] [exception.CHttpException.404] exception 'CHttpException' with message 'No es posible resolver la solicitud "img/nav-expand.png"' in /var/www/html/yii/framework/web/CWebApplication.php:286
Stack trace:
#0 /var/www/html/yii/framework/web/CWebApplication.php(141): CWebApplication->runController('img/nav-expand....')
#1 /var/www/html/yii/framework/base/CApplication.php(184): CWebApplication->processRequest()
#2 /var/www/html/sisprov_ds/index.php(13): CApplication->run()
#3 {main}
REQUEST_URI=/sisprov_ds/img/nav-expand.png
HTTP_REFERER=http://localhost/sisprov_ds/css/menu.css
---
2017/03/31 15:57:51 [error] [exception.CHttpException.404] exception 'CHttpException' with message 'No es posible resolver la solicitud "img/nav-expand.png"' in /var/www/html/yii/framework/web/CWebApplication.php:286
Stack trace:
#0 /var/www/html/yii/framework/web/CWebApplication.php(141): CWebApplication->runController('img/nav-expand....')
#1 /var/www/html/yii/framework/base/CApplication.php(184): CWebApplication->processRequest()
#2 /var/www/html/sisprov_ds/index.php(13): CApplication->run()
#3 {main}
REQUEST_URI=/sisprov_ds/img/nav-expand.png
HTTP_REFERER=http://localhost/sisprov_ds/css/menu.css
---
2017/03/31 15:57:59 [error] [exception.CHttpException.404] exception 'CHttpException' with message 'No es posible resolver la solicitud "img/nav-expand.png"' in /var/www/html/yii/framework/web/CWebApplication.php:286
Stack trace:
#0 /var/www/html/yii/framework/web/CWebApplication.php(141): CWebApplication->runController('img/nav-expand....')
#1 /var/www/html/yii/framework/base/CApplication.php(184): CWebApplication->processRequest()
#2 /var/www/html/sisprov_ds/index.php(13): CApplication->run()
#3 {main}
REQUEST_URI=/sisprov_ds/img/nav-expand.png
HTTP_REFERER=http://localhost/sisprov_ds/css/menu.css
---
2017/03/31 15:58:03 [error] [exception.CHttpException.404] exception 'CHttpException' with message 'No es posible resolver la solicitud "img/nav-expand.png"' in /var/www/html/yii/framework/web/CWebApplication.php:286
Stack trace:
#0 /var/www/html/yii/framework/web/CWebApplication.php(141): CWebApplication->runController('img/nav-expand....')
#1 /var/www/html/yii/framework/base/CApplication.php(184): CWebApplication->processRequest()
#2 /var/www/html/sisprov_ds/index.php(13): CApplication->run()
#3 {main}
REQUEST_URI=/sisprov_ds/img/nav-expand.png
HTTP_REFERER=http://localhost/sisprov_ds/css/menu.css
---
2017/03/31 15:58:04 [error] [exception.CHttpException.404] exception 'CHttpException' with message 'No es posible resolver la solicitud "img/nav-expand.png"' in /var/www/html/yii/framework/web/CWebApplication.php:286
Stack trace:
#0 /var/www/html/yii/framework/web/CWebApplication.php(141): CWebApplication->runController('img/nav-expand....')
#1 /var/www/html/yii/framework/base/CApplication.php(184): CWebApplication->processRequest()
#2 /var/www/html/sisprov_ds/index.php(13): CApplication->run()
#3 {main}
REQUEST_URI=/sisprov_ds/img/nav-expand.png
HTTP_REFERER=http://localhost/sisprov_ds/css/menu.css
---
2017/03/31 15:58:10 [error] [exception.CHttpException.404] exception 'CHttpException' with message 'No es posible resolver la solicitud "img/nav-expand.png"' in /var/www/html/yii/framework/web/CWebApplication.php:286
Stack trace:
#0 /var/www/html/yii/framework/web/CWebApplication.php(141): CWebApplication->runController('img/nav-expand....')
#1 /var/www/html/yii/framework/base/CApplication.php(184): CWebApplication->processRequest()
#2 /var/www/html/sisprov_ds/index.php(13): CApplication->run()
#3 {main}
REQUEST_URI=/sisprov_ds/img/nav-expand.png
HTTP_REFERER=http://localhost/sisprov_ds/css/menu.css
---
2017/03/31 15:58:15 [error] [exception.CHttpException.404] exception 'CHttpException' with message 'No es posible resolver la solicitud "img/nav-expand.png"' in /var/www/html/yii/framework/web/CWebApplication.php:286
Stack trace:
#0 /var/www/html/yii/framework/web/CWebApplication.php(141): CWebApplication->runController('img/nav-expand....')
#1 /var/www/html/yii/framework/base/CApplication.php(184): CWebApplication->processRequest()
#2 /var/www/html/sisprov_ds/index.php(13): CApplication->run()
#3 {main}
REQUEST_URI=/sisprov_ds/img/nav-expand.png
HTTP_REFERER=http://localhost/sisprov_ds/css/menu.css
---
2017/03/31 15:58:28 [error] [exception.CHttpException.404] exception 'CHttpException' with message 'No es posible resolver la solicitud "img/header.jpg"' in /var/www/html/yii/framework/web/CWebApplication.php:286
Stack trace:
#0 /var/www/html/yii/framework/web/CWebApplication.php(141): CWebApplication->runController('img/header.jpg')
#1 /var/www/html/yii/framework/base/CApplication.php(184): CWebApplication->processRequest()
#2 /var/www/html/sisprov_ds/index.php(13): CApplication->run()
#3 {main}
REQUEST_URI=/sisprov_ds/img/header.jpg
HTTP_REFERER=http://localhost/sisprov_ds/css/creative.css
---
2017/03/31 15:58:31 [error] [exception.CHttpException.404] exception 'CHttpException' with message 'No es posible resolver la solicitud "img/header.jpg"' in /var/www/html/yii/framework/web/CWebApplication.php:286
Stack trace:
#0 /var/www/html/yii/framework/web/CWebApplication.php(141): CWebApplication->runController('img/header.jpg')
#1 /var/www/html/yii/framework/base/CApplication.php(184): CWebApplication->processRequest()
#2 /var/www/html/sisprov_ds/index.php(13): CApplication->run()
#3 {main}
REQUEST_URI=/sisprov_ds/img/header.jpg
HTTP_REFERER=http://localhost/sisprov_ds/css/creative.css
---
2017/03/31 15:58:35 [error] [exception.CHttpException.404] exception 'CHttpException' with message 'No es posible resolver la solicitud "img/nav-expand.png"' in /var/www/html/yii/framework/web/CWebApplication.php:286
Stack trace:
#0 /var/www/html/yii/framework/web/CWebApplication.php(141): CWebApplication->runController('img/nav-expand....')
#1 /var/www/html/yii/framework/base/CApplication.php(184): CWebApplication->processRequest()
#2 /var/www/html/sisprov_ds/index.php(13): CApplication->run()
#3 {main}
REQUEST_URI=/sisprov_ds/img/nav-expand.png
HTTP_REFERER=http://localhost/sisprov_ds/css/menu.css
---
2017/03/31 15:58:38 [error] [exception.CHttpException.404] exception 'CHttpException' with message 'No es posible resolver la solicitud "img/nav-expand.png"' in /var/www/html/yii/framework/web/CWebApplication.php:286
Stack trace:
#0 /var/www/html/yii/framework/web/CWebApplication.php(141): CWebApplication->runController('img/nav-expand....')
#1 /var/www/html/yii/framework/base/CApplication.php(184): CWebApplication->processRequest()
#2 /var/www/html/sisprov_ds/index.php(13): CApplication->run()
#3 {main}
REQUEST_URI=/sisprov_ds/img/nav-expand.png
HTTP_REFERER=http://localhost/sisprov_ds/css/menu.css
---
2017/03/31 15:58:44 [error] [exception.CHttpException.404] exception 'CHttpException' with message 'No es posible resolver la solicitud "img/nav-expand.png"' in /var/www/html/yii/framework/web/CWebApplication.php:286
Stack trace:
#0 /var/www/html/yii/framework/web/CWebApplication.php(141): CWebApplication->runController('img/nav-expand....')
#1 /var/www/html/yii/framework/base/CApplication.php(184): CWebApplication->processRequest()
#2 /var/www/html/sisprov_ds/index.php(13): CApplication->run()
#3 {main}
REQUEST_URI=/sisprov_ds/img/nav-expand.png
HTTP_REFERER=http://localhost/sisprov_ds/css/menu.css
---
2017/03/31 15:58:52 [error] [exception.CHttpException.404] exception 'CHttpException' with message 'No es posible resolver la solicitud "img/nav-expand.png"' in /var/www/html/yii/framework/web/CWebApplication.php:286
Stack trace:
#0 /var/www/html/yii/framework/web/CWebApplication.php(141): CWebApplication->runController('img/nav-expand....')
#1 /var/www/html/yii/framework/base/CApplication.php(184): CWebApplication->processRequest()
#2 /var/www/html/sisprov_ds/index.php(13): CApplication->run()
#3 {main}
REQUEST_URI=/sisprov_ds/img/nav-expand.png
HTTP_REFERER=http://localhost/sisprov_ds/css/menu.css
---
2017/03/31 15:59:49 [error] [exception.CHttpException.404] exception 'CHttpException' with message 'No es posible resolver la solicitud "img/nav-expand.png"' in /var/www/html/yii/framework/web/CWebApplication.php:286
Stack trace:
#0 /var/www/html/yii/framework/web/CWebApplication.php(141): CWebApplication->runController('img/nav-expand....')
#1 /var/www/html/yii/framework/base/CApplication.php(184): CWebApplication->processRequest()
#2 /var/www/html/sisprov_ds/index.php(13): CApplication->run()
#3 {main}
REQUEST_URI=/sisprov_ds/img/nav-expand.png
HTTP_REFERER=http://localhost/sisprov_ds/css/menu.css
---
2017/03/31 15:59:56 [error] [exception.CHttpException.404] exception 'CHttpException' with message 'No es posible resolver la solicitud "img/nav-expand.png"' in /var/www/html/yii/framework/web/CWebApplication.php:286
Stack trace:
#0 /var/www/html/yii/framework/web/CWebApplication.php(141): CWebApplication->runController('img/nav-expand....')
#1 /var/www/html/yii/framework/base/CApplication.php(184): CWebApplication->processRequest()
#2 /var/www/html/sisprov_ds/index.php(13): CApplication->run()
#3 {main}
REQUEST_URI=/sisprov_ds/img/nav-expand.png
HTTP_REFERER=http://localhost/sisprov_ds/css/menu.css
---
2017/03/31 16:00:03 [error] [exception.CHttpException.404] exception 'CHttpException' with message 'No es posible resolver la solicitud "img/nav-expand.png"' in /var/www/html/yii/framework/web/CWebApplication.php:286
Stack trace:
#0 /var/www/html/yii/framework/web/CWebApplication.php(141): CWebApplication->runController('img/nav-expand....')
#1 /var/www/html/yii/framework/base/CApplication.php(184): CWebApplication->processRequest()
#2 /var/www/html/sisprov_ds/index.php(13): CApplication->run()
#3 {main}
REQUEST_URI=/sisprov_ds/img/nav-expand.png
HTTP_REFERER=http://localhost/sisprov_ds/css/menu.css
---
2017/03/31 16:00:06 [error] [exception.CHttpException.404] exception 'CHttpException' with message 'No es posible resolver la solicitud "img/nav-expand.png"' in /var/www/html/yii/framework/web/CWebApplication.php:286
Stack trace:
#0 /var/www/html/yii/framework/web/CWebApplication.php(141): CWebApplication->runController('img/nav-expand....')
#1 /var/www/html/yii/framework/base/CApplication.php(184): CWebApplication->processRequest()
#2 /var/www/html/sisprov_ds/index.php(13): CApplication->run()
#3 {main}
REQUEST_URI=/sisprov_ds/img/nav-expand.png
HTTP_REFERER=http://localhost/sisprov_ds/css/menu.css
---
2017/03/31 16:00:15 [error] [exception.CHttpException.404] exception 'CHttpException' with message 'No es posible resolver la solicitud "img/nav-expand.png"' in /var/www/html/yii/framework/web/CWebApplication.php:286
Stack trace:
#0 /var/www/html/yii/framework/web/CWebApplication.php(141): CWebApplication->runController('img/nav-expand....')
#1 /var/www/html/yii/framework/base/CApplication.php(184): CWebApplication->processRequest()
#2 /var/www/html/sisprov_ds/index.php(13): CApplication->run()
#3 {main}
REQUEST_URI=/sisprov_ds/img/nav-expand.png
HTTP_REFERER=http://localhost/sisprov_ds/css/menu.css
---
2017/03/31 16:00:20 [error] [exception.CHttpException.404] exception 'CHttpException' with message 'No es posible resolver la solicitud "img/nav-expand.png"' in /var/www/html/yii/framework/web/CWebApplication.php:286
Stack trace:
#0 /var/www/html/yii/framework/web/CWebApplication.php(141): CWebApplication->runController('img/nav-expand....')
#1 /var/www/html/yii/framework/base/CApplication.php(184): CWebApplication->processRequest()
#2 /var/www/html/sisprov_ds/index.php(13): CApplication->run()
#3 {main}
REQUEST_URI=/sisprov_ds/img/nav-expand.png
HTTP_REFERER=http://localhost/sisprov_ds/css/menu.css
---
2017/03/31 16:01:13 [error] [exception.CHttpException.404] exception 'CHttpException' with message 'No es posible resolver la solicitud "img/nav-expand.png"' in /var/www/html/yii/framework/web/CWebApplication.php:286
Stack trace:
#0 /var/www/html/yii/framework/web/CWebApplication.php(141): CWebApplication->runController('img/nav-expand....')
#1 /var/www/html/yii/framework/base/CApplication.php(184): CWebApplication->processRequest()
#2 /var/www/html/sisprov_ds/index.php(13): CApplication->run()
#3 {main}
REQUEST_URI=/sisprov_ds/img/nav-expand.png
HTTP_REFERER=http://localhost/sisprov_ds/css/menu.css
---
2017/03/31 16:01:16 [error] [exception.CHttpException.404] exception 'CHttpException' with message 'No es posible resolver la solicitud "img/nav-expand.png"' in /var/www/html/yii/framework/web/CWebApplication.php:286
Stack trace:
#0 /var/www/html/yii/framework/web/CWebApplication.php(141): CWebApplication->runController('img/nav-expand....')
#1 /var/www/html/yii/framework/base/CApplication.php(184): CWebApplication->processRequest()
#2 /var/www/html/sisprov_ds/index.php(13): CApplication->run()
#3 {main}
REQUEST_URI=/sisprov_ds/img/nav-expand.png
HTTP_REFERER=http://localhost/sisprov_ds/css/menu.css
---
2017/03/31 16:01:33 [warning] [application] Error al establecer unsafe al atributo "tipo_vivienda" de "Vivienda".
in /var/www/html/sisprov_ds/protected/controllers/ViviendaController.php (61)
in /var/www/html/sisprov_ds/protected/modules/cruge/components/CrugeAccessControlFilter.php (87)
in /var/www/html/sisprov_ds/index.php (13)
2017/03/31 16:01:33 [warning] [application] Error al establecer unsafe al atributo "nro_banos_auxiliar" de "Vivienda".
in /var/www/html/sisprov_ds/protected/controllers/ViviendaController.php (61)
in /var/www/html/sisprov_ds/protected/modules/cruge/components/CrugeAccessControlFilter.php (87)
in /var/www/html/sisprov_ds/index.php (13)
2017/03/31 16:01:33 [error] [exception.CHttpException.404] exception 'CHttpException' with message 'No es posible resolver la solicitud "img/nav-expand.png"' in /var/www/html/yii/framework/web/CWebApplication.php:286
Stack trace:
#0 /var/www/html/yii/framework/web/CWebApplication.php(141): CWebApplication->runController('img/nav-expand....')
#1 /var/www/html/yii/framework/base/CApplication.php(184): CWebApplication->processRequest()
#2 /var/www/html/sisprov_ds/index.php(13): CApplication->run()
#3 {main}
REQUEST_URI=/sisprov_ds/img/nav-expand.png
HTTP_REFERER=http://localhost/sisprov_ds/css/menu.css
---
2017/03/31 16:03:03 [warning] [application] Error al establecer unsafe al atributo "tipo_vivienda" de "Vivienda".
in /var/www/html/sisprov_ds/protected/controllers/ViviendaController.php (61)
in /var/www/html/sisprov_ds/protected/modules/cruge/components/CrugeAccessControlFilter.php (87)
in /var/www/html/sisprov_ds/index.php (13)
2017/03/31 16:03:03 [warning] [application] Error al establecer unsafe al atributo "nro_banos_auxiliar" de "Vivienda".
in /var/www/html/sisprov_ds/protected/controllers/ViviendaController.php (61)
in /var/www/html/sisprov_ds/protected/modules/cruge/components/CrugeAccessControlFilter.php (87)
in /var/www/html/sisprov_ds/index.php (13)
2017/03/31 16:03:04 [error] [exception.CHttpException.404] exception 'CHttpException' with message 'No es posible resolver la solicitud "img/nav-expand.png"' in /var/www/html/yii/framework/web/CWebApplication.php:286
Stack trace:
#0 /var/www/html/yii/framework/web/CWebApplication.php(141): CWebApplication->runController('img/nav-expand....')
#1 /var/www/html/yii/framework/base/CApplication.php(184): CWebApplication->processRequest()
#2 /var/www/html/sisprov_ds/index.php(13): CApplication->run()
#3 {main}
REQUEST_URI=/sisprov_ds/img/nav-expand.png
HTTP_REFERER=http://localhost/sisprov_ds/css/menu.css
---
2017/03/31 16:03:06 [error] [exception.CHttpException.404] exception 'CHttpException' with message 'No es posible resolver la solicitud "img/nav-expand.png"' in /var/www/html/yii/framework/web/CWebApplication.php:286
Stack trace:
#0 /var/www/html/yii/framework/web/CWebApplication.php(141): CWebApplication->runController('img/nav-expand....')
#1 /var/www/html/yii/framework/base/CApplication.php(184): CWebApplication->processRequest()
#2 /var/www/html/sisprov_ds/index.php(13): CApplication->run()
#3 {main}
REQUEST_URI=/sisprov_ds/img/nav-expand.png
HTTP_REFERER=http://localhost/sisprov_ds/css/menu.css
---
2017/03/31 16:03:10 [error] [exception.CHttpException.404] exception 'CHttpException' with message 'No es posible resolver la solicitud "img/nav-expand.png"' in /var/www/html/yii/framework/web/CWebApplication.php:286
Stack trace:
#0 /var/www/html/yii/framework/web/CWebApplication.php(141): CWebApplication->runController('img/nav-expand....')
#1 /var/www/html/yii/framework/base/CApplication.php(184): CWebApplication->processRequest()
#2 /var/www/html/sisprov_ds/index.php(13): CApplication->run()
#3 {main}
REQUEST_URI=/sisprov_ds/img/nav-expand.png
HTTP_REFERER=http://localhost/sisprov_ds/css/menu.css
---
2017/03/31 16:03:49 [error] [exception.CHttpException.404] exception 'CHttpException' with message 'No es posible resolver la solicitud "img/nav-expand.png"' in /var/www/html/yii/framework/web/CWebApplication.php:286
Stack trace:
#0 /var/www/html/yii/framework/web/CWebApplication.php(141): CWebApplication->runController('img/nav-expand....')
#1 /var/www/html/yii/framework/base/CApplication.php(184): CWebApplication->processRequest()
#2 /var/www/html/sisprov_ds/index.php(13): CApplication->run()
#3 {main}
REQUEST_URI=/sisprov_ds/img/nav-expand.png
HTTP_REFERER=http://localhost/sisprov_ds/css/menu.css
---
2017/03/31 16:04:22 [error] [exception.CHttpException.404] exception 'CHttpException' with message 'No es posible resolver la solicitud "js/base64.js"' in /var/www/html/yii/framework/web/CWebApplication.php:286
Stack trace:
#0 /var/www/html/yii/framework/web/CWebApplication.php(141): CWebApplication->runController('js/base64.js')
#1 /var/www/html/yii/framework/base/CApplication.php(184): CWebApplication->processRequest()
#2 /var/www/html/sisprov_ds/index.php(13): CApplication->run()
#3 {main}
REQUEST_URI=/sisprov_ds/js/base64.js
HTTP_REFERER=http://localhost/sisprov_ds/index.php/beneficiarioTemporal/admin
---
2017/03/31 16:04:22 [error] [exception.CHttpException.404] exception 'CHttpException' with message 'No es posible resolver la solicitud "img/nav-expand.png"' in /var/www/html/yii/framework/web/CWebApplication.php:286
Stack trace:
#0 /var/www/html/yii/framework/web/CWebApplication.php(141): CWebApplication->runController('img/nav-expand....')
#1 /var/www/html/yii/framework/base/CApplication.php(184): CWebApplication->processRequest()
#2 /var/www/html/sisprov_ds/index.php(13): CApplication->run()
#3 {main}
REQUEST_URI=/sisprov_ds/img/nav-expand.png
HTTP_REFERER=http://localhost/sisprov_ds/css/menu.css
---
2017/03/31 16:04:30 [error] [exception.CHttpException.404] exception 'CHttpException' with message 'No es posible resolver la solicitud "img/nav-expand.png"' in /var/www/html/yii/framework/web/CWebApplication.php:286
Stack trace:
#0 /var/www/html/yii/framework/web/CWebApplication.php(141): CWebApplication->runController('img/nav-expand....')
#1 /var/www/html/yii/framework/base/CApplication.php(184): CWebApplication->processRequest()
#2 /var/www/html/sisprov_ds/index.php(13): CApplication->run()
#3 {main}
REQUEST_URI=/sisprov_ds/img/nav-expand.png
HTTP_REFERER=http://localhost/sisprov_ds/css/menu.css
---
2017/03/31 16:04:35 [error] [exception.CHttpException.404] exception 'CHttpException' with message 'No es posible resolver la solicitud "img/nav-expand.png"' in /var/www/html/yii/framework/web/CWebApplication.php:286
Stack trace:
#0 /var/www/html/yii/framework/web/CWebApplication.php(141): CWebApplication->runController('img/nav-expand....')
#1 /var/www/html/yii/framework/base/CApplication.php(184): CWebApplication->processRequest()
#2 /var/www/html/sisprov_ds/index.php(13): CApplication->run()
#3 {main}
REQUEST_URI=/sisprov_ds/img/nav-expand.png
HTTP_REFERER=http://localhost/sisprov_ds/css/menu.css
---
2017/03/31 16:04:42 [error] [exception.CHttpException.404] exception 'CHttpException' with message 'No es posible resolver la solicitud "img/nav-expand.png"' in /var/www/html/yii/framework/web/CWebApplication.php:286
Stack trace:
#0 /var/www/html/yii/framework/web/CWebApplication.php(141): CWebApplication->runController('img/nav-expand....')
#1 /var/www/html/yii/framework/base/CApplication.php(184): CWebApplication->processRequest()
#2 /var/www/html/sisprov_ds/index.php(13): CApplication->run()
#3 {main}
REQUEST_URI=/sisprov_ds/img/nav-expand.png
HTTP_REFERER=http://localhost/sisprov_ds/css/menu.css
---
2017/03/31 16:05:28 [error] [exception.CHttpException.404] exception 'CHttpException' with message 'No es posible resolver la solicitud "img/nav-expand.png"' in /var/www/html/yii/framework/web/CWebApplication.php:286
Stack trace:
#0 /var/www/html/yii/framework/web/CWebApplication.php(141): CWebApplication->runController('img/nav-expand....')
#1 /var/www/html/yii/framework/base/CApplication.php(184): CWebApplication->processRequest()
#2 /var/www/html/sisprov_ds/index.php(13): CApplication->run()
#3 {main}
REQUEST_URI=/sisprov_ds/img/nav-expand.png
HTTP_REFERER=http://localhost/sisprov_ds/css/menu.css
---
2017/03/31 16:05:31 [error] [exception.CHttpException.404] exception 'CHttpException' with message 'No es posible resolver la solicitud "img/nav-expand.png"' in /var/www/html/yii/framework/web/CWebApplication.php:286
Stack trace:
#0 /var/www/html/yii/framework/web/CWebApplication.php(141): CWebApplication->runController('img/nav-expand....')
#1 /var/www/html/yii/framework/base/CApplication.php(184): CWebApplication->processRequest()
#2 /var/www/html/sisprov_ds/index.php(13): CApplication->run()
#3 {main}
REQUEST_URI=/sisprov_ds/img/nav-expand.png
HTTP_REFERER=http://localhost/sisprov_ds/css/menu.css
---
2017/03/31 16:05:33 [error] [exception.CHttpException.404] exception 'CHttpException' with message 'No es posible resolver la solicitud "img/nav-expand.png"' in /var/www/html/yii/framework/web/CWebApplication.php:286
Stack trace:
#0 /var/www/html/yii/framework/web/CWebApplication.php(141): CWebApplication->runController('img/nav-expand....')
#1 /var/www/html/yii/framework/base/CApplication.php(184): CWebApplication->processRequest()
#2 /var/www/html/sisprov_ds/index.php(13): CApplication->run()
#3 {main}
REQUEST_URI=/sisprov_ds/img/nav-expand.png
HTTP_REFERER=http://localhost/sisprov_ds/css/menu.css
---
2017/03/31 16:05:42 [error] [exception.CHttpException.404] exception 'CHttpException' with message 'No es posible resolver la solicitud "img/nav-expand.png"' in /var/www/html/yii/framework/web/CWebApplication.php:286
Stack trace:
#0 /var/www/html/yii/framework/web/CWebApplication.php(141): CWebApplication->runController('img/nav-expand....')
#1 /var/www/html/yii/framework/base/CApplication.php(184): CWebApplication->processRequest()
#2 /var/www/html/sisprov_ds/index.php(13): CApplication->run()
#3 {main}
REQUEST_URI=/sisprov_ds/img/nav-expand.png
HTTP_REFERER=http://localhost/sisprov_ds/css/menu.css
---
2017/03/31 16:05:44 [error] [exception.CHttpException.404] exception 'CHttpException' with message 'No es posible resolver la solicitud "img/nav-expand.png"' in /var/www/html/yii/framework/web/CWebApplication.php:286
Stack trace:
#0 /var/www/html/yii/framework/web/CWebApplication.php(141): CWebApplication->runController('img/nav-expand....')
#1 /var/www/html/yii/framework/base/CApplication.php(184): CWebApplication->processRequest()
#2 /var/www/html/sisprov_ds/index.php(13): CApplication->run()
#3 {main}
REQUEST_URI=/sisprov_ds/img/nav-expand.png
HTTP_REFERER=http://localhost/sisprov_ds/css/menu.css
---
2017/03/31 16:06:07 [error] [exception.CHttpException.404] exception 'CHttpException' with message 'No es posible resolver la solicitud "img/nav-expand.png"' in /var/www/html/yii/framework/web/CWebApplication.php:286
Stack trace:
#0 /var/www/html/yii/framework/web/CWebApplication.php(141): CWebApplication->runController('img/nav-expand....')
#1 /var/www/html/yii/framework/base/CApplication.php(184): CWebApplication->processRequest()
#2 /var/www/html/sisprov_ds/index.php(13): CApplication->run()
#3 {main}
REQUEST_URI=/sisprov_ds/img/nav-expand.png
HTTP_REFERER=http://localhost/sisprov_ds/css/menu.css
---
2017/03/31 16:06:10 [error] [exception.CHttpException.404] exception 'CHttpException' with message 'No es posible resolver la solicitud "img/nav-expand.png"' in /var/www/html/yii/framework/web/CWebApplication.php:286
Stack trace:
#0 /var/www/html/yii/framework/web/CWebApplication.php(141): CWebApplication->runController('img/nav-expand....')
#1 /var/www/html/yii/framework/base/CApplication.php(184): CWebApplication->processRequest()
#2 /var/www/html/sisprov_ds/index.php(13): CApplication->run()
#3 {main}
REQUEST_URI=/sisprov_ds/img/nav-expand.png
HTTP_REFERER=http://localhost/sisprov_ds/css/menu.css
---
2017/03/31 16:06:14 [error] [exception.CHttpException.404] exception 'CHttpException' with message 'No es posible resolver la solicitud "img/nav-expand.png"' in /var/www/html/yii/framework/web/CWebApplication.php:286
Stack trace:
#0 /var/www/html/yii/framework/web/CWebApplication.php(141): CWebApplication->runController('img/nav-expand....')
#1 /var/www/html/yii/framework/base/CApplication.php(184): CWebApplication->processRequest()
#2 /var/www/html/sisprov_ds/index.php(13): CApplication->run()
#3 {main}
REQUEST_URI=/sisprov_ds/img/nav-expand.png
HTTP_REFERER=http://localhost/sisprov_ds/css/menu.css
---
2017/03/31 16:06:24 [error] [exception.CHttpException.404] exception 'CHttpException' with message 'No es posible resolver la solicitud "img/nav-expand.png"' in /var/www/html/yii/framework/web/CWebApplication.php:286
Stack trace:
#0 /var/www/html/yii/framework/web/CWebApplication.php(141): CWebApplication->runController('img/nav-expand....')
#1 /var/www/html/yii/framework/base/CApplication.php(184): CWebApplication->processRequest()
#2 /var/www/html/sisprov_ds/index.php(13): CApplication->run()
#3 {main}
REQUEST_URI=/sisprov_ds/img/nav-expand.png
HTTP_REFERER=http://localhost/sisprov_ds/css/menu.css
---
2017/03/31 16:07:08 [error] [exception.CHttpException.404] exception 'CHttpException' with message 'No es posible resolver la solicitud "img/nav-expand.png"' in /var/www/html/yii/framework/web/CWebApplication.php:286
Stack trace:
#0 /var/www/html/yii/framework/web/CWebApplication.php(141): CWebApplication->runController('img/nav-expand....')
#1 /var/www/html/yii/framework/base/CApplication.php(184): CWebApplication->processRequest()
#2 /var/www/html/sisprov_ds/index.php(13): CApplication->run()
#3 {main}
REQUEST_URI=/sisprov_ds/img/nav-expand.png
HTTP_REFERER=http://localhost/sisprov_ds/css/menu.css
---
2017/03/31 16:07:16 [error] [exception.CHttpException.404] exception 'CHttpException' with message 'No es posible resolver la solicitud "img/nav-expand.png"' in /var/www/html/yii/framework/web/CWebApplication.php:286
Stack trace:
#0 /var/www/html/yii/framework/web/CWebApplication.php(141): CWebApplication->runController('img/nav-expand....')
#1 /var/www/html/yii/framework/base/CApplication.php(184): CWebApplication->processRequest()
#2 /var/www/html/sisprov_ds/index.php(13): CApplication->run()
#3 {main}
REQUEST_URI=/sisprov_ds/img/nav-expand.png
HTTP_REFERER=http://localhost/sisprov_ds/css/menu.css
---
2017/03/31 16:07:21 [error] [exception.CHttpException.404] exception 'CHttpException' with message 'No es posible resolver la solicitud "img/nav-expand.png"' in /var/www/html/yii/framework/web/CWebApplication.php:286
Stack trace:
#0 /var/www/html/yii/framework/web/CWebApplication.php(141): CWebApplication->runController('img/nav-expand....')
#1 /var/www/html/yii/framework/base/CApplication.php(184): CWebApplication->processRequest()
#2 /var/www/html/sisprov_ds/index.php(13): CApplication->run()
#3 {main}
REQUEST_URI=/sisprov_ds/img/nav-expand.png
HTTP_REFERER=http://localhost/sisprov_ds/css/menu.css
---
2017/03/31 16:07:29 [error] [exception.CHttpException.404] exception 'CHttpException' with message 'No es posible resolver la solicitud "img/nav-expand.png"' in /var/www/html/yii/framework/web/CWebApplication.php:286
Stack trace:
#0 /var/www/html/yii/framework/web/CWebApplication.php(141): CWebApplication->runController('img/nav-expand....')
#1 /var/www/html/yii/framework/base/CApplication.php(184): CWebApplication->processRequest()
#2 /var/www/html/sisprov_ds/index.php(13): CApplication->run()
#3 {main}
REQUEST_URI=/sisprov_ds/img/nav-expand.png
HTTP_REFERER=http://localhost/sisprov_ds/css/menu.css
---
2017/03/31 16:07:31 [error] [exception.CHttpException.404] exception 'CHttpException' with message 'No es posible resolver la solicitud "img/nav-expand.png"' in /var/www/html/yii/framework/web/CWebApplication.php:286
Stack trace:
#0 /var/www/html/yii/framework/web/CWebApplication.php(141): CWebApplication->runController('img/nav-expand....')
#1 /var/www/html/yii/framework/base/CApplication.php(184): CWebApplication->processRequest()
#2 /var/www/html/sisprov_ds/index.php(13): CApplication->run()
#3 {main}
REQUEST_URI=/sisprov_ds/img/nav-expand.png
HTTP_REFERER=http://localhost/sisprov_ds/css/menu.css
---
2017/03/31 16:07:38 [error] [exception.CHttpException.404] exception 'CHttpException' with message 'No es posible resolver la solicitud "img/nav-expand.png"' in /var/www/html/yii/framework/web/CWebApplication.php:286
Stack trace:
#0 /var/www/html/yii/framework/web/CWebApplication.php(141): CWebApplication->runController('img/nav-expand....')
#1 /var/www/html/yii/framework/base/CApplication.php(184): CWebApplication->processRequest()
#2 /var/www/html/sisprov_ds/index.php(13): CApplication->run()
#3 {main}
REQUEST_URI=/sisprov_ds/img/nav-expand.png
HTTP_REFERER=http://localhost/sisprov_ds/css/menu.css
---
2017/03/31 16:08:23 [error] [exception.CHttpException.404] exception 'CHttpException' with message 'No es posible resolver la solicitud "img/nav-expand.png"' in /var/www/html/yii/framework/web/CWebApplication.php:286
Stack trace:
#0 /var/www/html/yii/framework/web/CWebApplication.php(141): CWebApplication->runController('img/nav-expand....')
#1 /var/www/html/yii/framework/base/CApplication.php(184): CWebApplication->processRequest()
#2 /var/www/html/sisprov_ds/index.php(13): CApplication->run()
#3 {main}
REQUEST_URI=/sisprov_ds/img/nav-expand.png
HTTP_REFERER=http://localhost/sisprov_ds/css/menu.css
---
2017/03/31 16:08:28 [error] [exception.CHttpException.404] exception 'CHttpException' with message 'No es posible resolver la solicitud "img/nav-expand.png"' in /var/www/html/yii/framework/web/CWebApplication.php:286
Stack trace:
#0 /var/www/html/yii/framework/web/CWebApplication.php(141): CWebApplication->runController('img/nav-expand....')
#1 /var/www/html/yii/framework/base/CApplication.php(184): CWebApplication->processRequest()
#2 /var/www/html/sisprov_ds/index.php(13): CApplication->run()
#3 {main}
REQUEST_URI=/sisprov_ds/img/nav-expand.png
HTTP_REFERER=http://localhost/sisprov_ds/css/menu.css
---
2017/03/31 16:08:50 [warning] [application] Error al establecer unsafe al atributo "tipo_vivienda" de "Vivienda".
in /var/www/html/sisprov_ds/protected/controllers/ViviendaController.php (61)
in /var/www/html/sisprov_ds/protected/modules/cruge/components/CrugeAccessControlFilter.php (87)
in /var/www/html/sisprov_ds/index.php (13)
2017/03/31 16:08:50 [warning] [application] Error al establecer unsafe al atributo "nro_banos_auxiliar" de "Vivienda".
in /var/www/html/sisprov_ds/protected/controllers/ViviendaController.php (61)
in /var/www/html/sisprov_ds/protected/modules/cruge/components/CrugeAccessControlFilter.php (87)
in /var/www/html/sisprov_ds/index.php (13)
2017/03/31 16:08:52 [error] [exception.CHttpException.404] exception 'CHttpException' with message 'No es posible resolver la solicitud "img/nav-expand.png"' in /var/www/html/yii/framework/web/CWebApplication.php:286
Stack trace:
#0 /var/www/html/yii/framework/web/CWebApplication.php(141): CWebApplication->runController('img/nav-expand....')
#1 /var/www/html/yii/framework/base/CApplication.php(184): CWebApplication->processRequest()
#2 /var/www/html/sisprov_ds/index.php(13): CApplication->run()
#3 {main}
REQUEST_URI=/sisprov_ds/img/nav-expand.png
HTTP_REFERER=http://localhost/sisprov_ds/css/menu.css
---
2017/03/31 16:09:50 [error] [exception.CHttpException.404] exception 'CHttpException' with message 'No es posible resolver la solicitud "img/nav-expand.png"' in /var/www/html/yii/framework/web/CWebApplication.php:286
Stack trace:
#0 /var/www/html/yii/framework/web/CWebApplication.php(141): CWebApplication->runController('img/nav-expand....')
#1 /var/www/html/yii/framework/base/CApplication.php(184): CWebApplication->processRequest()
#2 /var/www/html/sisprov_ds/index.php(13): CApplication->run()
#3 {main}
REQUEST_URI=/sisprov_ds/img/nav-expand.png
HTTP_REFERER=http://localhost/sisprov_ds/css/menu.css
---
2017/03/31 16:09:52 [error] [exception.CHttpException.404] exception 'CHttpException' with message 'No es posible resolver la solicitud "img/nav-expand.png"' in /var/www/html/yii/framework/web/CWebApplication.php:286
Stack trace:
#0 /var/www/html/yii/framework/web/CWebApplication.php(141): CWebApplication->runController('img/nav-expand....')
#1 /var/www/html/yii/framework/base/CApplication.php(184): CWebApplication->processRequest()
#2 /var/www/html/sisprov_ds/index.php(13): CApplication->run()
#3 {main}
REQUEST_URI=/sisprov_ds/img/nav-expand.png
HTTP_REFERER=http://localhost/sisprov_ds/css/menu.css
---
2017/03/31 16:14:12 [error] [exception.CHttpException.404] exception 'CHttpException' with message 'No es posible resolver la solicitud "img/nav-expand.png"' in /var/www/html/yii/framework/web/CWebApplication.php:286
Stack trace:
#0 /var/www/html/yii/framework/web/CWebApplication.php(141): CWebApplication->runController('img/nav-expand....')
#1 /var/www/html/yii/framework/base/CApplication.php(184): CWebApplication->processRequest()
#2 /var/www/html/sisprov_ds/index.php(13): CApplication->run()
#3 {main}
REQUEST_URI=/sisprov_ds/img/nav-expand.png
HTTP_REFERER=http://localhost/sisprov_ds/css/menu.css
---
2017/03/31 16:14:14 [error] [exception.CHttpException.404] exception 'CHttpException' with message 'No es posible resolver la solicitud "img/header.jpg"' in /var/www/html/yii/framework/web/CWebApplication.php:286
Stack trace:
#0 /var/www/html/yii/framework/web/CWebApplication.php(141): CWebApplication->runController('img/header.jpg')
#1 /var/www/html/yii/framework/base/CApplication.php(184): CWebApplication->processRequest()
#2 /var/www/html/sisprov_ds/index.php(13): CApplication->run()
#3 {main}
REQUEST_URI=/sisprov_ds/img/header.jpg
HTTP_REFERER=http://localhost/sisprov_ds/css/creative.css
---
2017/03/31 16:14:17 [error] [exception.CHttpException.404] exception 'CHttpException' with message 'No es posible resolver la solicitud "img/header.jpg"' in /var/www/html/yii/framework/web/CWebApplication.php:286
Stack trace:
#0 /var/www/html/yii/framework/web/CWebApplication.php(141): CWebApplication->runController('img/header.jpg')
#1 /var/www/html/yii/framework/base/CApplication.php(184): CWebApplication->processRequest()
#2 /var/www/html/sisprov_ds/index.php(13): CApplication->run()
#3 {main}
REQUEST_URI=/sisprov_ds/img/header.jpg
HTTP_REFERER=http://localhost/sisprov_ds/css/creative.css
---
2017/03/31 16:15:38 [error] [exception.CHttpException.404] exception 'CHttpException' with message 'No es posible resolver la solicitud "img/nav-expand.png"' in /var/www/html/yii/framework/web/CWebApplication.php:286
Stack trace:
#0 /var/www/html/yii/framework/web/CWebApplication.php(141): CWebApplication->runController('img/nav-expand....')
#1 /var/www/html/yii/framework/base/CApplication.php(184): CWebApplication->processRequest()
#2 /var/www/html/sisprov_ds/index.php(13): CApplication->run()
#3 {main}
REQUEST_URI=/sisprov_ds/img/nav-expand.png
HTTP_REFERER=http://localhost/sisprov_ds/css/menu.css
---
2017/03/31 16:15:41 [error] [exception.CHttpException.404] exception 'CHttpException' with message 'No es posible resolver la solicitud "img/nav-expand.png"' in /var/www/html/yii/framework/web/CWebApplication.php:286
Stack trace:
#0 /var/www/html/yii/framework/web/CWebApplication.php(141): CWebApplication->runController('img/nav-expand....')
#1 /var/www/html/yii/framework/base/CApplication.php(184): CWebApplication->processRequest()
#2 /var/www/html/sisprov_ds/index.php(13): CApplication->run()
#3 {main}
REQUEST_URI=/sisprov_ds/img/nav-expand.png
HTTP_REFERER=http://localhost/sisprov_ds/css/menu.css
---
2017/03/31 16:15:45 [error] [exception.CHttpException.404] exception 'CHttpException' with message 'No es posible resolver la solicitud "img/nav-expand.png"' in /var/www/html/yii/framework/web/CWebApplication.php:286
Stack trace:
#0 /var/www/html/yii/framework/web/CWebApplication.php(141): CWebApplication->runController('img/nav-expand....')
#1 /var/www/html/yii/framework/base/CApplication.php(184): CWebApplication->processRequest()
#2 /var/www/html/sisprov_ds/index.php(13): CApplication->run()
#3 {main}
REQUEST_URI=/sisprov_ds/img/nav-expand.png
HTTP_REFERER=http://localhost/sisprov_ds/css/menu.css
---
2017/03/31 16:17:34 [error] [php] Undefined index: BeneficiarioTemporal_correo_electronico (/var/www/html/sisprov_ds/protected/controllers/BeneficiarioTemporalController.php:142)
Stack trace:
#0 /var/www/html/yii/framework/web/filters/CFilterChain.php(133): BeneficiarioTemporalController->runAction()
#1 /var/www/html/sisprov_ds/protected/modules/cruge/components/CrugeAccessControlFilter.php(87): CFilterChain->run()
#2 /var/www/html/yii/framework/web/filters/CFilter.php(38): CrugeAccessControlFilter->preFilter()
#3 /var/www/html/yii/framework/web/filters/CFilterChain.php(130): CrugeAccessControlFilter->filter()
#4 /var/www/html/yii/framework/web/CController.php(291): CFilterChain->run()
#5 /var/www/html/yii/framework/web/CController.php(265): BeneficiarioTemporalController->runActionWithFilters()
#6 /var/www/html/yii/framework/web/CWebApplication.php(282): BeneficiarioTemporalController->run()
#7 /var/www/html/yii/framework/web/CWebApplication.php(141): CWebApplication->runController()
#8 /var/www/html/yii/framework/base/CApplication.php(184): CWebApplication->processRequest()
#9 /var/www/html/sisprov_ds/index.php(13): CWebApplication->run()
REQUEST_URI=/sisprov_ds/index.php/beneficiarioTemporal/create
in /var/www/html/sisprov_ds/protected/controllers/BeneficiarioTemporalController.php (142)
in /var/www/html/sisprov_ds/protected/modules/cruge/components/CrugeAccessControlFilter.php (87)
in /var/www/html/sisprov_ds/index.php (13)
2017/03/31 16:17:34 [error] [exception.CHttpException.404] exception 'CHttpException' with message 'No es posible resolver la solicitud "img/header.jpg"' in /var/www/html/yii/framework/web/CWebApplication.php:286
Stack trace:
#0 /var/www/html/yii/framework/web/CWebApplication.php(141): CWebApplication->runController('img/header.jpg')
#1 /var/www/html/yii/framework/base/CApplication.php(184): CWebApplication->processRequest()
#2 /var/www/html/sisprov_ds/index.php(13): CApplication->run()
#3 {main}
REQUEST_URI=/sisprov_ds/img/header.jpg
HTTP_REFERER=http://localhost/sisprov_ds/css/creative.css
---
2017/03/31 16:17:56 [error] [exception.CHttpException.404] exception 'CHttpException' with message 'No es posible resolver la solicitud "js/base64.js"' in /var/www/html/yii/framework/web/CWebApplication.php:286
Stack trace:
#0 /var/www/html/yii/framework/web/CWebApplication.php(141): CWebApplication->runController('js/base64.js')
#1 /var/www/html/yii/framework/base/CApplication.php(184): CWebApplication->processRequest()
#2 /var/www/html/sisprov_ds/index.php(13): CApplication->run()
#3 {main}
REQUEST_URI=/sisprov_ds/js/base64.js
HTTP_REFERER=http://localhost/sisprov_ds/index.php/beneficiarioTemporal/admin
---
2017/03/31 16:17:58 [error] [exception.CHttpException.404] exception 'CHttpException' with message 'No es posible resolver la solicitud "js/base64.js"' in /var/www/html/yii/framework/web/CWebApplication.php:286
Stack trace:
#0 /var/www/html/yii/framework/web/CWebApplication.php(141): CWebApplication->runController('js/base64.js')
#1 /var/www/html/yii/framework/base/CApplication.php(184): CWebApplication->processRequest()
#2 /var/www/html/sisprov_ds/index.php(13): CApplication->run()
#3 {main}
REQUEST_URI=/sisprov_ds/js/base64.js
HTTP_REFERER=http://localhost/sisprov_ds/index.php/beneficiarioTemporal/admin
---
2017/03/31 16:17:58 [error] [exception.CHttpException.404] exception 'CHttpException' with message 'No es posible resolver la solicitud "img/nav-expand.png"' in /var/www/html/yii/framework/web/CWebApplication.php:286
Stack trace:
#0 /var/www/html/yii/framework/web/CWebApplication.php(141): CWebApplication->runController('img/nav-expand....')
#1 /var/www/html/yii/framework/base/CApplication.php(184): CWebApplication->processRequest()
#2 /var/www/html/sisprov_ds/index.php(13): CApplication->run()
#3 {main}
REQUEST_URI=/sisprov_ds/img/nav-expand.png
HTTP_REFERER=http://localhost/sisprov_ds/css/menu.css
---
2017/03/31 16:18:09 [error] [exception.CHttpException.404] exception 'CHttpException' with message 'No es posible resolver la solicitud "img/nav-expand.png"' in /var/www/html/yii/framework/web/CWebApplication.php:286
Stack trace:
#0 /var/www/html/yii/framework/web/CWebApplication.php(141): CWebApplication->runController('img/nav-expand....')
#1 /var/www/html/yii/framework/base/CApplication.php(184): CWebApplication->processRequest()
#2 /var/www/html/sisprov_ds/index.php(13): CApplication->run()
#3 {main}
REQUEST_URI=/sisprov_ds/img/nav-expand.png
HTTP_REFERER=http://localhost/sisprov_ds/css/menu.css
---
2017/03/31 16:18:11 [error] [exception.CHttpException.404] exception 'CHttpException' with message 'No es posible resolver la solicitud "img/nav-expand.png"' in /var/www/html/yii/framework/web/CWebApplication.php:286
Stack trace:
#0 /var/www/html/yii/framework/web/CWebApplication.php(141): CWebApplication->runController('img/nav-expand....')
#1 /var/www/html/yii/framework/base/CApplication.php(184): CWebApplication->processRequest()
#2 /var/www/html/sisprov_ds/index.php(13): CApplication->run()
#3 {main}
REQUEST_URI=/sisprov_ds/img/nav-expand.png
HTTP_REFERER=http://localhost/sisprov_ds/css/menu.css
---
2017/03/31 16:18:43 [warning] [application] Error al establecer unsafe al atributo "tipo_vivienda" de "Vivienda".
in /var/www/html/sisprov_ds/protected/controllers/ViviendaController.php (61)
in /var/www/html/sisprov_ds/protected/modules/cruge/components/CrugeAccessControlFilter.php (87)
in /var/www/html/sisprov_ds/index.php (13)
2017/03/31 16:18:43 [warning] [application] Error al establecer unsafe al atributo "nro_banos_auxiliar" de "Vivienda".
in /var/www/html/sisprov_ds/protected/controllers/ViviendaController.php (61)
in /var/www/html/sisprov_ds/protected/modules/cruge/components/CrugeAccessControlFilter.php (87)
in /var/www/html/sisprov_ds/index.php (13)
2017/03/31 16:18:44 [error] [exception.CHttpException.404] exception 'CHttpException' with message 'No es posible resolver la solicitud "img/nav-expand.png"' in /var/www/html/yii/framework/web/CWebApplication.php:286
Stack trace:
#0 /var/www/html/yii/framework/web/CWebApplication.php(141): CWebApplication->runController('img/nav-expand....')
#1 /var/www/html/yii/framework/base/CApplication.php(184): CWebApplication->processRequest()
#2 /var/www/html/sisprov_ds/index.php(13): CApplication->run()
#3 {main}
REQUEST_URI=/sisprov_ds/img/nav-expand.png
HTTP_REFERER=http://localhost/sisprov_ds/css/menu.css
---
2017/03/31 16:18:48 [error] [exception.CHttpException.404] exception 'CHttpException' with message 'No es posible resolver la solicitud "img/nav-expand.png"' in /var/www/html/yii/framework/web/CWebApplication.php:286
Stack trace:
#0 /var/www/html/yii/framework/web/CWebApplication.php(141): CWebApplication->runController('img/nav-expand....')
#1 /var/www/html/yii/framework/base/CApplication.php(184): CWebApplication->processRequest()
#2 /var/www/html/sisprov_ds/index.php(13): CApplication->run()
#3 {main}
REQUEST_URI=/sisprov_ds/img/nav-expand.png
HTTP_REFERER=http://localhost/sisprov_ds/css/menu.css
---
2017/03/31 16:18:53 [error] [exception.CHttpException.404] exception 'CHttpException' with message 'No es posible resolver la solicitud "img/nav-expand.png"' in /var/www/html/yii/framework/web/CWebApplication.php:286
Stack trace:
#0 /var/www/html/yii/framework/web/CWebApplication.php(141): CWebApplication->runController('img/nav-expand....')
#1 /var/www/html/yii/framework/base/CApplication.php(184): CWebApplication->processRequest()
#2 /var/www/html/sisprov_ds/index.php(13): CApplication->run()
#3 {main}
REQUEST_URI=/sisprov_ds/img/nav-expand.png
HTTP_REFERER=http://localhost/sisprov_ds/css/menu.css
---
2017/03/31 16:21:03 [error] [exception.CHttpException.404] exception 'CHttpException' with message 'No es posible resolver la solicitud "img/nav-expand.png"' in /var/www/html/yii/framework/web/CWebApplication.php:286
Stack trace:
#0 /var/www/html/yii/framework/web/CWebApplication.php(141): CWebApplication->runController('img/nav-expand....')
#1 /var/www/html/yii/framework/base/CApplication.php(184): CWebApplication->processRequest()
#2 /var/www/html/sisprov_ds/index.php(13): CApplication->run()
#3 {main}
REQUEST_URI=/sisprov_ds/img/nav-expand.png
HTTP_REFERER=http://localhost/sisprov_ds/css/menu.css
---
2017/03/31 16:21:15 [error] [exception.CHttpException.404] exception 'CHttpException' with message 'No es posible resolver la solicitud "img/nav-expand.png"' in /var/www/html/yii/framework/web/CWebApplication.php:286
Stack trace:
#0 /var/www/html/yii/framework/web/CWebApplication.php(141): CWebApplication->runController('img/nav-expand....')
#1 /var/www/html/yii/framework/base/CApplication.php(184): CWebApplication->processRequest()
#2 /var/www/html/sisprov_ds/index.php(13): CApplication->run()
#3 {main}
REQUEST_URI=/sisprov_ds/img/nav-expand.png
HTTP_REFERER=http://localhost/sisprov_ds/css/menu.css
---
2017/03/31 16:21:41 [warning] [application] Error al establecer unsafe al atributo "tipo_vivienda" de "Vivienda".
in /var/www/html/sisprov_ds/protected/controllers/ViviendaController.php (61)
in /var/www/html/sisprov_ds/protected/modules/cruge/components/CrugeAccessControlFilter.php (87)
in /var/www/html/sisprov_ds/index.php (13)
2017/03/31 16:21:41 [warning] [application] Error al establecer unsafe al atributo "nro_banos_auxiliar" de "Vivienda".
in /var/www/html/sisprov_ds/protected/controllers/ViviendaController.php (61)
in /var/www/html/sisprov_ds/protected/modules/cruge/components/CrugeAccessControlFilter.php (87)
in /var/www/html/sisprov_ds/index.php (13)
2017/03/31 16:21:42 [error] [exception.CHttpException.404] exception 'CHttpException' with message 'No es posible resolver la solicitud "img/nav-expand.png"' in /var/www/html/yii/framework/web/CWebApplication.php:286
Stack trace:
#0 /var/www/html/yii/framework/web/CWebApplication.php(141): CWebApplication->runController('img/nav-expand....')
#1 /var/www/html/yii/framework/base/CApplication.php(184): CWebApplication->processRequest()
#2 /var/www/html/sisprov_ds/index.php(13): CApplication->run()
#3 {main}
REQUEST_URI=/sisprov_ds/img/nav-expand.png
HTTP_REFERER=http://localhost/sisprov_ds/css/menu.css
---
2017/03/31 16:21:59 [error] [exception.CHttpException.404] exception 'CHttpException' with message 'No es posible resolver la solicitud "img/nav-expand.png"' in /var/www/html/yii/framework/web/CWebApplication.php:286
Stack trace:
#0 /var/www/html/yii/framework/web/CWebApplication.php(141): CWebApplication->runController('img/nav-expand....')
#1 /var/www/html/yii/framework/base/CApplication.php(184): CWebApplication->processRequest()
#2 /var/www/html/sisprov_ds/index.php(13): CApplication->run()
#3 {main}
REQUEST_URI=/sisprov_ds/img/nav-expand.png
HTTP_REFERER=http://localhost/sisprov_ds/css/menu.css
---
2017/03/31 16:22:02 [error] [exception.CHttpException.404] exception 'CHttpException' with message 'No es posible resolver la solicitud "img/nav-expand.png"' in /var/www/html/yii/framework/web/CWebApplication.php:286
Stack trace:
#0 /var/www/html/yii/framework/web/CWebApplication.php(141): CWebApplication->runController('img/nav-expand....')
#1 /var/www/html/yii/framework/base/CApplication.php(184): CWebApplication->processRequest()
#2 /var/www/html/sisprov_ds/index.php(13): CApplication->run()
#3 {main}
REQUEST_URI=/sisprov_ds/img/nav-expand.png
HTTP_REFERER=http://localhost/sisprov_ds/css/menu.css
---
2017/03/31 16:23:01 [error] [exception.CHttpException.404] exception 'CHttpException' with message 'No es posible resolver la solicitud "js/base64.js"' in /var/www/html/yii/framework/web/CWebApplication.php:286
Stack trace:
#0 /var/www/html/yii/framework/web/CWebApplication.php(141): CWebApplication->runController('js/base64.js')
#1 /var/www/html/yii/framework/base/CApplication.php(184): CWebApplication->processRequest()
#2 /var/www/html/sisprov_ds/index.php(13): CApplication->run()
#3 {main}
REQUEST_URI=/sisprov_ds/js/base64.js
HTTP_REFERER=http://localhost/sisprov_ds/index.php/beneficiarioTemporal/admin
---
2017/03/31 16:23:02 [error] [exception.CHttpException.404] exception 'CHttpException' with message 'No es posible resolver la solicitud "img/nav-expand.png"' in /var/www/html/yii/framework/web/CWebApplication.php:286
Stack trace:
#0 /var/www/html/yii/framework/web/CWebApplication.php(141): CWebApplication->runController('img/nav-expand....')
#1 /var/www/html/yii/framework/base/CApplication.php(184): CWebApplication->processRequest()
#2 /var/www/html/sisprov_ds/index.php(13): CApplication->run()
#3 {main}
REQUEST_URI=/sisprov_ds/img/nav-expand.png
HTTP_REFERER=http://localhost/sisprov_ds/css/menu.css
---
2017/03/31 16:23:14 [error] [exception.CHttpException.404] exception 'CHttpException' with message 'No es posible resolver la solicitud "img/nav-expand.png"' in /var/www/html/yii/framework/web/CWebApplication.php:286
Stack trace:
#0 /var/www/html/yii/framework/web/CWebApplication.php(141): CWebApplication->runController('img/nav-expand....')
#1 /var/www/html/yii/framework/base/CApplication.php(184): CWebApplication->processRequest()
#2 /var/www/html/sisprov_ds/index.php(13): CApplication->run()
#3 {main}
REQUEST_URI=/sisprov_ds/img/nav-expand.png
HTTP_REFERER=http://localhost/sisprov_ds/css/menu.css
---
2017/03/31 16:23:25 [error] [exception.CHttpException.404] exception 'CHttpException' with message 'No es posible resolver la solicitud "img/nav-expand.png"' in /var/www/html/yii/framework/web/CWebApplication.php:286
Stack trace:
#0 /var/www/html/yii/framework/web/CWebApplication.php(141): CWebApplication->runController('img/nav-expand....')
#1 /var/www/html/yii/framework/base/CApplication.php(184): CWebApplication->processRequest()
#2 /var/www/html/sisprov_ds/index.php(13): CApplication->run()
#3 {main}
REQUEST_URI=/sisprov_ds/img/nav-expand.png
HTTP_REFERER=http://localhost/sisprov_ds/css/menu.css
---
2017/03/31 16:23:30 [error] [exception.CHttpException.404] exception 'CHttpException' with message 'No es posible resolver la solicitud "img/nav-expand.png"' in /var/www/html/yii/framework/web/CWebApplication.php:286
Stack trace:
#0 /var/www/html/yii/framework/web/CWebApplication.php(141): CWebApplication->runController('img/nav-expand....')
#1 /var/www/html/yii/framework/base/CApplication.php(184): CWebApplication->processRequest()
#2 /var/www/html/sisprov_ds/index.php(13): CApplication->run()
#3 {main}
REQUEST_URI=/sisprov_ds/img/nav-expand.png
HTTP_REFERER=http://localhost/sisprov_ds/css/menu.css
---
2017/03/31 16:23:45 [error] [exception.CHttpException.404] exception 'CHttpException' with message 'No es posible resolver la solicitud "img/nav-expand.png"' in /var/www/html/yii/framework/web/CWebApplication.php:286
Stack trace:
#0 /var/www/html/yii/framework/web/CWebApplication.php(141): CWebApplication->runController('img/nav-expand....')
#1 /var/www/html/yii/framework/base/CApplication.php(184): CWebApplication->processRequest()
#2 /var/www/html/sisprov_ds/index.php(13): CApplication->run()
#3 {main}
REQUEST_URI=/sisprov_ds/img/nav-expand.png
HTTP_REFERER=http://localhost/sisprov_ds/css/menu.css
---
2017/03/31 16:23:49 [error] [exception.CHttpException.404] exception 'CHttpException' with message 'No es posible resolver la solicitud "img/nav-expand.png"' in /var/www/html/yii/framework/web/CWebApplication.php:286
Stack trace:
#0 /var/www/html/yii/framework/web/CWebApplication.php(141): CWebApplication->runController('img/nav-expand....')
#1 /var/www/html/yii/framework/base/CApplication.php(184): CWebApplication->processRequest()
#2 /var/www/html/sisprov_ds/index.php(13): CApplication->run()
#3 {main}
REQUEST_URI=/sisprov_ds/img/nav-expand.png
HTTP_REFERER=http://localhost/sisprov_ds/css/menu.css
---
2017/03/31 16:23:54 [error] [exception.CHttpException.404] exception 'CHttpException' with message 'No es posible resolver la solicitud "img/nav-expand.png"' in /var/www/html/yii/framework/web/CWebApplication.php:286
Stack trace:
#0 /var/www/html/yii/framework/web/CWebApplication.php(141): CWebApplication->runController('img/nav-expand....')
#1 /var/www/html/yii/framework/base/CApplication.php(184): CWebApplication->processRequest()
#2 /var/www/html/sisprov_ds/index.php(13): CApplication->run()
#3 {main}
REQUEST_URI=/sisprov_ds/img/nav-expand.png
HTTP_REFERER=http://localhost/sisprov_ds/css/menu.css
---
2017/03/31 16:24:06 [error] [exception.CHttpException.404] exception 'CHttpException' with message 'No es posible resolver la solicitud "img/nav-expand.png"' in /var/www/html/yii/framework/web/CWebApplication.php:286
Stack trace:
#0 /var/www/html/yii/framework/web/CWebApplication.php(141): CWebApplication->runController('img/nav-expand....')
#1 /var/www/html/yii/framework/base/CApplication.php(184): CWebApplication->processRequest()
#2 /var/www/html/sisprov_ds/index.php(13): CApplication->run()
#3 {main}
REQUEST_URI=/sisprov_ds/img/nav-expand.png
HTTP_REFERER=http://localhost/sisprov_ds/css/menu.css
---
2017/03/31 16:24:15 [error] [exception.CHttpException.404] exception 'CHttpException' with message 'No es posible resolver la solicitud "img/nav-expand.png"' in /var/www/html/yii/framework/web/CWebApplication.php:286
Stack trace:
#0 /var/www/html/yii/framework/web/CWebApplication.php(141): CWebApplication->runController('img/nav-expand....')
#1 /var/www/html/yii/framework/base/CApplication.php(184): CWebApplication->processRequest()
#2 /var/www/html/sisprov_ds/index.php(13): CApplication->run()
#3 {main}
REQUEST_URI=/sisprov_ds/img/nav-expand.png
HTTP_REFERER=http://localhost/sisprov_ds/css/menu.css
---
2017/03/31 16:24:18 [error] [exception.CHttpException.404] exception 'CHttpException' with message 'No es posible resolver la solicitud "img/nav-expand.png"' in /var/www/html/yii/framework/web/CWebApplication.php:286
Stack trace:
#0 /var/www/html/yii/framework/web/CWebApplication.php(141): CWebApplication->runController('img/nav-expand....')
#1 /var/www/html/yii/framework/base/CApplication.php(184): CWebApplication->processRequest()
#2 /var/www/html/sisprov_ds/index.php(13): CApplication->run()
#3 {main}
REQUEST_URI=/sisprov_ds/img/nav-expand.png
HTTP_REFERER=http://localhost/sisprov_ds/css/menu.css
---
2017/03/31 16:24:44 [error] [exception.CHttpException.404] exception 'CHttpException' with message 'No es posible resolver la solicitud "img/nav-expand.png"' in /var/www/html/yii/framework/web/CWebApplication.php:286
Stack trace:
#0 /var/www/html/yii/framework/web/CWebApplication.php(141): CWebApplication->runController('img/nav-expand....')
#1 /var/www/html/yii/framework/base/CApplication.php(184): CWebApplication->processRequest()
#2 /var/www/html/sisprov_ds/index.php(13): CApplication->run()
#3 {main}
REQUEST_URI=/sisprov_ds/img/nav-expand.png
HTTP_REFERER=http://localhost/sisprov_ds/css/menu.css
---
2017/03/31 16:24:47 [error] [exception.CHttpException.404] exception 'CHttpException' with message 'No es posible resolver la solicitud "img/nav-expand.png"' in /var/www/html/yii/framework/web/CWebApplication.php:286
Stack trace:
#0 /var/www/html/yii/framework/web/CWebApplication.php(141): CWebApplication->runController('img/nav-expand....')
#1 /var/www/html/yii/framework/base/CApplication.php(184): CWebApplication->processRequest()
#2 /var/www/html/sisprov_ds/index.php(13): CApplication->run()
#3 {main}
REQUEST_URI=/sisprov_ds/img/nav-expand.png
HTTP_REFERER=http://localhost/sisprov_ds/css/menu.css
---
2017/03/31 16:24:56 [error] [exception.CHttpException.404] exception 'CHttpException' with message 'No es posible resolver la solicitud "img/nav-expand.png"' in /var/www/html/yii/framework/web/CWebApplication.php:286
Stack trace:
#0 /var/www/html/yii/framework/web/CWebApplication.php(141): CWebApplication->runController('img/nav-expand....')
#1 /var/www/html/yii/framework/base/CApplication.php(184): CWebApplication->processRequest()
#2 /var/www/html/sisprov_ds/index.php(13): CApplication->run()
#3 {main}
REQUEST_URI=/sisprov_ds/img/nav-expand.png
HTTP_REFERER=http://localhost/sisprov_ds/css/menu.css
---
2017/03/31 16:25:12 [error] [exception.CHttpException.404] exception 'CHttpException' with message 'No es posible resolver la solicitud "img/nav-expand.png"' in /var/www/html/yii/framework/web/CWebApplication.php:286
Stack trace:
#0 /var/www/html/yii/framework/web/CWebApplication.php(141): CWebApplication->runController('img/nav-expand....')
#1 /var/www/html/yii/framework/base/CApplication.php(184): CWebApplication->processRequest()
#2 /var/www/html/sisprov_ds/index.php(13): CApplication->run()
#3 {main}
REQUEST_URI=/sisprov_ds/img/nav-expand.png
HTTP_REFERER=http://localhost/sisprov_ds/css/menu.css
---
2017/03/31 16:25:27 [error] [exception.CHttpException.404] exception 'CHttpException' with message 'No es posible resolver la solicitud "img/nav-expand.png"' in /var/www/html/yii/framework/web/CWebApplication.php:286
Stack trace:
#0 /var/www/html/yii/framework/web/CWebApplication.php(141): CWebApplication->runController('img/nav-expand....')
#1 /var/www/html/yii/framework/base/CApplication.php(184): CWebApplication->processRequest()
#2 /var/www/html/sisprov_ds/index.php(13): CApplication->run()
#3 {main}
REQUEST_URI=/sisprov_ds/img/nav-expand.png
HTTP_REFERER=http://localhost/sisprov_ds/css/menu.css
---
